mode: set
YouSightSeeing/backend/internal/app/usecase/google_auth_uc.go:26.112,32.16 2 1
YouSightSeeing/backend/internal/app/usecase/google_auth_uc.go:32.16,34.3 1 1
YouSightSeeing/backend/internal/app/usecase/google_auth_uc.go:40.2,43.16 3 1
YouSightSeeing/backend/internal/app/usecase/google_auth_uc.go:43.16,48.44 2 1
YouSightSeeing/backend/internal/app/usecase/google_auth_uc.go:48.44,52.21 2 1
YouSightSeeing/backend/internal/app/usecase/google_auth_uc.go:52.21,54.5 1 1
YouSightSeeing/backend/internal/app/usecase/google_auth_uc.go:57.4,68.108 3 1
YouSightSeeing/backend/internal/app/usecase/google_auth_uc.go:68.108,70.5 1 0
YouSightSeeing/backend/internal/app/usecase/google_auth_uc.go:72.4,72.27 1 1
YouSightSeeing/backend/internal/app/usecase/google_auth_uc.go:73.9,73.32 1 1
YouSightSeeing/backend/internal/app/usecase/google_auth_uc.go:73.32,75.4 1 1
YouSightSeeing/backend/internal/app/usecase/google_auth_uc.go:75.9,77.106 1 1
YouSightSeeing/backend/internal/app/usecase/google_auth_uc.go:77.106,79.5 1 1
YouSightSeeing/backend/internal/app/usecase/google_auth_uc.go:82.4,84.21 2 1
YouSightSeeing/backend/internal/app/usecase/google_auth_uc.go:84.21,86.5 1 0
YouSightSeeing/backend/internal/app/usecase/google_auth_uc.go:89.4,96.106 6 1
YouSightSeeing/backend/internal/app/usecase/google_auth_uc.go:96.106,98.5 1 0
YouSightSeeing/backend/internal/app/usecase/google_auth_uc.go:100.4,100.27 1 1
YouSightSeeing/backend/internal/app/usecase/google_auth_uc.go:103.3,104.17 2 1
YouSightSeeing/backend/internal/app/usecase/google_auth_uc.go:104.17,106.4 1 0
YouSightSeeing/backend/internal/app/usecase/google_auth_uc.go:108.3,112.9 1 1
YouSightSeeing/backend/internal/app/usecase/google_auth_uc.go:116.2,118.74 2 1
YouSightSeeing/backend/internal/app/usecase/google_auth_uc.go:118.74,120.3 1 1
YouSightSeeing/backend/internal/app/usecase/google_auth_uc.go:123.2,125.19 2 1
YouSightSeeing/backend/internal/app/usecase/google_auth_uc.go:125.19,127.3 1 1
YouSightSeeing/backend/internal/app/usecase/google_auth_uc.go:130.2,141.106 3 1
YouSightSeeing/backend/internal/app/usecase/google_auth_uc.go:141.106,143.3 1 1
YouSightSeeing/backend/internal/app/usecase/google_auth_uc.go:145.2,146.16 2 1
YouSightSeeing/backend/internal/app/usecase/google_auth_uc.go:146.16,148.3 1 1
YouSightSeeing/backend/internal/app/usecase/google_auth_uc.go:150.2,154.8 1 1
YouSightSeeing/backend/internal/app/usecase/google_auth_uc.go:157.110,158.17 1 1
YouSightSeeing/backend/internal/app/usecase/google_auth_uc.go:158.17,160.3 1 1
YouSightSeeing/backend/internal/app/usecase/google_auth_uc.go:162.2,163.16 2 1
YouSightSeeing/backend/internal/app/usecase/google_auth_uc.go:163.16,165.3 1 1
YouSightSeeing/backend/internal/app/usecase/google_auth_uc.go:167.2,167.28 1 1
YouSightSeeing/backend/internal/app/usecase/google_auth_uc.go:167.28,169.3 1 1
YouSightSeeing/backend/internal/app/usecase/google_auth_uc.go:170.2,170.30 1 1
YouSightSeeing/backend/internal/app/usecase/google_auth_uc.go:170.30,172.3 1 1
YouSightSeeing/backend/internal/app/usecase/google_auth_uc.go:174.2,174.33 1 1
YouSightSeeing/backend/internal/app/usecase/google_auth_uc.go:174.33,176.3 1 1
YouSightSeeing/backend/internal/app/usecase/google_auth_uc.go:178.2,178.26 1 1
YouSightSeeing/backend/internal/app/usecase/google_auth_uc.go:181.37,184.2 2 1
