mode: set
YouSightSeeing/backend/internal/app/usecase/google_auth_uc.go:34.47,43.2 1 0
YouSightSeeing/backend/internal/app/usecase/google_auth_uc.go:45.112,51.16 2 0
YouSightSeeing/backend/internal/app/usecase/google_auth_uc.go:51.16,53.3 1 0
YouSightSeeing/backend/internal/app/usecase/google_auth_uc.go:59.2,62.16 3 0
YouSightSeeing/backend/internal/app/usecase/google_auth_uc.go:62.16,63.37 1 0
YouSightSeeing/backend/internal/app/usecase/google_auth_uc.go:63.37,65.4 1 0
YouSightSeeing/backend/internal/app/usecase/google_auth_uc.go:66.8,71.44 2 0
YouSightSeeing/backend/internal/app/usecase/google_auth_uc.go:71.44,75.21 2 0
YouSightSeeing/backend/internal/app/usecase/google_auth_uc.go:75.21,77.5 1 0
YouSightSeeing/backend/internal/app/usecase/google_auth_uc.go:80.4,91.108 3 0
YouSightSeeing/backend/internal/app/usecase/google_auth_uc.go:91.108,93.5 1 0
YouSightSeeing/backend/internal/app/usecase/google_auth_uc.go:95.4,95.27 1 0
YouSightSeeing/backend/internal/app/usecase/google_auth_uc.go:96.9,96.32 1 0
YouSightSeeing/backend/internal/app/usecase/google_auth_uc.go:96.32,98.4 1 0
YouSightSeeing/backend/internal/app/usecase/google_auth_uc.go:98.9,100.106 1 0
YouSightSeeing/backend/internal/app/usecase/google_auth_uc.go:100.106,102.5 1 0
YouSightSeeing/backend/internal/app/usecase/google_auth_uc.go:105.4,107.21 2 0
YouSightSeeing/backend/internal/app/usecase/google_auth_uc.go:107.21,109.5 1 0
YouSightSeeing/backend/internal/app/usecase/google_auth_uc.go:112.4,119.106 6 0
YouSightSeeing/backend/internal/app/usecase/google_auth_uc.go:119.106,121.5 1 0
YouSightSeeing/backend/internal/app/usecase/google_auth_uc.go:123.4,123.27 1 0
YouSightSeeing/backend/internal/app/usecase/google_auth_uc.go:126.3,127.17 2 0
YouSightSeeing/backend/internal/app/usecase/google_auth_uc.go:127.17,129.4 1 0
YouSightSeeing/backend/internal/app/usecase/google_auth_uc.go:131.3,135.9 1 0
YouSightSeeing/backend/internal/app/usecase/google_auth_uc.go:139.2,141.74 2 0
YouSightSeeing/backend/internal/app/usecase/google_auth_uc.go:141.74,143.3 1 0
YouSightSeeing/backend/internal/app/usecase/google_auth_uc.go:146.2,148.19 2 0
YouSightSeeing/backend/internal/app/usecase/google_auth_uc.go:148.19,150.3 1 0
YouSightSeeing/backend/internal/app/usecase/google_auth_uc.go:153.2,164.106 3 0
YouSightSeeing/backend/internal/app/usecase/google_auth_uc.go:164.106,166.3 1 0
YouSightSeeing/backend/internal/app/usecase/google_auth_uc.go:168.2,169.16 2 0
YouSightSeeing/backend/internal/app/usecase/google_auth_uc.go:169.16,171.3 1 0
YouSightSeeing/backend/internal/app/usecase/google_auth_uc.go:173.2,177.8 1 0
YouSightSeeing/backend/internal/app/usecase/google_auth_uc.go:180.110,181.17 1 0
YouSightSeeing/backend/internal/app/usecase/google_auth_uc.go:181.17,183.3 1 0
YouSightSeeing/backend/internal/app/usecase/google_auth_uc.go:185.2,186.16 2 0
YouSightSeeing/backend/internal/app/usecase/google_auth_uc.go:186.16,188.3 1 0
YouSightSeeing/backend/internal/app/usecase/google_auth_uc.go:190.2,190.28 1 0
YouSightSeeing/backend/internal/app/usecase/google_auth_uc.go:190.28,192.3 1 0
YouSightSeeing/backend/internal/app/usecase/google_auth_uc.go:193.2,193.30 1 0
YouSightSeeing/backend/internal/app/usecase/google_auth_uc.go:193.30,195.3 1 0
YouSightSeeing/backend/internal/app/usecase/google_auth_uc.go:197.2,197.33 1 0
YouSightSeeing/backend/internal/app/usecase/google_auth_uc.go:197.33,199.3 1 0
YouSightSeeing/backend/internal/app/usecase/google_auth_uc.go:201.2,201.26 1 0
YouSightSeeing/backend/internal/app/usecase/google_auth_uc.go:204.37,207.2 2 1
YouSightSeeing/backend/internal/app/usecase/refresh_token_uc.go:30.49,38.2 1 1
YouSightSeeing/backend/internal/app/usecase/refresh_token_uc.go:40.118,42.27 1 1
YouSightSeeing/backend/internal/app/usecase/refresh_token_uc.go:42.27,44.3 1 1
YouSightSeeing/backend/internal/app/usecase/refresh_token_uc.go:47.2,48.16 2 1
YouSightSeeing/backend/internal/app/usecase/refresh_token_uc.go:48.16,50.3 1 1
YouSightSeeing/backend/internal/app/usecase/refresh_token_uc.go:53.2,54.16 2 1
YouSightSeeing/backend/internal/app/usecase/refresh_token_uc.go:54.16,56.3 1 1
YouSightSeeing/backend/internal/app/usecase/refresh_token_uc.go:59.2,60.16 2 1
YouSightSeeing/backend/internal/app/usecase/refresh_token_uc.go:60.16,62.3 1 1
YouSightSeeing/backend/internal/app/usecase/refresh_token_uc.go:64.2,68.8 1 1
YouSightSeeing/backend/internal/app/usecase/refresh_token_uc.go:72.111,76.16 3 1
YouSightSeeing/backend/internal/app/usecase/refresh_token_uc.go:76.16,77.36 1 1
YouSightSeeing/backend/internal/app/usecase/refresh_token_uc.go:77.36,79.4 1 1
YouSightSeeing/backend/internal/app/usecase/refresh_token_uc.go:80.3,80.72 1 1
YouSightSeeing/backend/internal/app/usecase/refresh_token_uc.go:83.2,83.28 1 1
YouSightSeeing/backend/internal/app/usecase/refresh_token_uc.go:83.28,85.3 1 1
YouSightSeeing/backend/internal/app/usecase/refresh_token_uc.go:87.2,87.47 1 1
YouSightSeeing/backend/internal/app/usecase/refresh_token_uc.go:87.47,88.78 1 1
YouSightSeeing/backend/internal/app/usecase/refresh_token_uc.go:88.78,90.4 1 1
YouSightSeeing/backend/internal/app/usecase/refresh_token_uc.go:91.3,91.49 1 1
YouSightSeeing/backend/internal/app/usecase/refresh_token_uc.go:94.2,94.26 1 1
YouSightSeeing/backend/internal/app/usecase/refresh_token_uc.go:98.114,99.85 1 1
YouSightSeeing/backend/internal/app/usecase/refresh_token_uc.go:99.85,101.3 1 1
YouSightSeeing/backend/internal/app/usecase/refresh_token_uc.go:103.2,104.16 2 1
YouSightSeeing/backend/internal/app/usecase/refresh_token_uc.go:104.16,106.3 1 1
YouSightSeeing/backend/internal/app/usecase/refresh_token_uc.go:108.2,116.63 2 1
YouSightSeeing/backend/internal/app/usecase/refresh_token_uc.go:116.63,118.3 1 1
YouSightSeeing/backend/internal/app/usecase/refresh_token_uc.go:120.2,120.28 1 1
YouSightSeeing/backend/internal/app/usecase/refresh_token_uc.go:124.142,126.16 2 1
YouSightSeeing/backend/internal/app/usecase/refresh_token_uc.go:126.16,128.3 1 1
YouSightSeeing/backend/internal/app/usecase/refresh_token_uc.go:130.2,131.16 2 1
YouSightSeeing/backend/internal/app/usecase/refresh_token_uc.go:131.16,133.3 1 1
YouSightSeeing/backend/internal/app/usecase/refresh_token_uc.go:135.2,135.39 1 1
